<?xml version="1.0" encoding="UTF-8"?>
<testsuite name="org.ait.dogservices.apitests.clinic.GetClinicUnregisteredUserTest" tests="1" skipped="0" failures="0" errors="0" timestamp="2023-11-20T12:07:43" hostname="NATA-BOD" time="0.094">
  <properties/>
  <testcase name="getClinicUnregisteredUserNegativeTest" classname="org.ait.dogservices.apitests.clinic.GetClinicUnregisteredUserTest" time="0.094"/>
  <system-out><![CDATA[User unauthorized
]]></system-out>
  <system-err><![CDATA[]]></system-err>
</testsuite>
