<?xml version="1.0" encoding="UTF-8"?>
<testsuite name="org.ait.dogservices.apitests.kennels.GetAllKennelsTest" tests="1" skipped="0" failures="0" errors="0" timestamp="2023-11-20T12:07:45" hostname="NATA-BOD" time="0.134">
  <properties/>
  <testcase name="getAllKennelsSuccessTest" classname="org.ait.dogservices.apitests.kennels.GetAllKennelsTest" time="0.134"/>
  <system-out><![CDATA[23***Hunde kennel
=========================================
4***Kennel for dogs
=========================================
189***Hunde kennel
=========================================
7***Dogs kennel
=========================================
8***Dogs and cats
=========================================
10***Dogs kennel
=========================================
11***Dogs and cats
=========================================
12***First Kennel
=========================================
13***Hunde kennel
=========================================
14***Hunde kennel
=========================================
15***Hunde kennel
=========================================
16***Hunde kennel
=========================================
17***Hunde kennel
=========================================
19***Hunde kennel
=========================================
3***Dogs kennel
=========================================
20***Dogs kennel
=========================================
21***Dogs kennel
=========================================
24***Dogs kennel98
=========================================
25***Dogs kennel98
=========================================
26***Dogs kennel98
=========================================
27***Dogs kennel98
=========================================
28***Dogs kennel98
=========================================
29***Dogs kennel98
=========================================
30***Dogs kennel86
=========================================
31***Dogs kennel16
=========================================
32***Dogs kennel
=========================================
33***Dogs kennel
=========================================
52***Hunde kennel
=========================================
53***Hunde kennel
=========================================
54***Hunde kennel
=========================================
55***Hunde kennel
=========================================
44***Hunde kennel
=========================================
46***Pets clinic
=========================================
47***Pets clinic
=========================================
187***Pets clinic
=========================================
188***Pets clinic
=========================================
50***Hunde kennel
=========================================
190***Hunde kennel
=========================================
191***
=========================================
192***Hunde kennel
=========================================
193***Hunde kennel
=========================================
128***Hunde kennel
=========================================
129***Hunde kennel
=========================================
132***Pets clinic
=========================================
133***Pets clinic
=========================================
135***Pets clinic
=========================================
136***Pets clinic
=========================================
163***Pets clinic
=========================================
164***Pets clinic
=========================================
194***Hunde kennel
=========================================
195***Hunde kennel
=========================================
196***Hunde kennel
=========================================
197***Hunde kennel
=========================================
198***Hunde kennel
=========================================
199***Hunde kennel
=========================================
200***Hunde kennel
=========================================
]]></system-out>
  <system-err><![CDATA[]]></system-err>
</testsuite>
